# JRE version: OpenJDK Runtime Environment (11.0.13) (build 11.0.13+0-b1751.21-8125866)
# Java VM: OpenJDK 64-Bit Server VM (11.0.13+0-b1751.21-8125866, mixed mode, tiered, compressed oops, g1 gc, windows-amd64)
Heap:
 garbage-first heap   total 780288K, used 251766K [0x0000000080000000, 0x0000000100000000)
  region size 1024K, 6 young (6144K), 6 survivors (6144K)
 Metaspace       used 122533K, capacity 125335K, committed 125608K, reserved 1159168K
  class space    used 15428K, capacity 16495K, committed 16600K, reserved 1048576K
GC Heap History (20 events):
Event: 49.674 GC heap after
{Heap after GC invocations=63 (full 0):
 garbage-first heap   total 249856K, used 215040K [0x0000000080000000, 0x0000000100000000)
  region size 1024K, 2 young (2048K), 2 survivors (2048K)
 Metaspace       used 118988K, capacity 121608K, committed 121640K, reserved 1155072K
  class space    used 14982K, capacity 15946K, committed 15960K, reserved 1048576K
}
Event: 49.716 GC heap before
{Heap before GC invocations=63 (full 0):
 garbage-first heap   total 249856K, used 225280K [0x0000000080000000, 0x0000000100000000)
  region size 1024K, 12 young (12288K), 2 survivors (2048K)
 Metaspace       used 118959K, capacity 121554K, committed 121640K, reserved 1155072K
  class space    used 14971K, capacity 15928K, committed 15960K, reserved 1048576K
}
Event: 49.722 GC heap after
{Heap after GC invocations=64 (full 0):
 garbage-first heap   total 249856K, used 220433K [0x0000000080000000, 0x0000000100000000)
  region size 1024K, 2 young (2048K), 2 survivors (2048K)
 Metaspace       used 118959K, capacity 121554K, committed 121640K, reserved 1155072K
  class space    used 14971K, capacity 15928K, committed 15960K, reserved 1048576K
}
Event: 49.745 GC heap before
{Heap before GC invocations=64 (full 0):
 garbage-first heap   total 249856K, used 230673K [0x0000000080000000, 0x0000000100000000)
  region size 1024K, 12 young (12288K), 2 survivors (2048K)
 Metaspace       used 118959K, capacity 121554K, committed 121640K, reserved 1155072K
  class space    used 14971K, capacity 15928K, committed 15960K, reserved 1048576K
}
Event: 49.753 GC heap after
{Heap after GC invocations=65 (full 0):
 garbage-first heap   total 249856K, used 226044K [0x0000000080000000, 0x0000000100000000)
  region size 1024K, 2 young (2048K), 2 survivors (2048K)
 Metaspace       used 118959K, capacity 121554K, committed 121640K, reserved 1155072K
  class space    used 14971K, capacity 15928K, committed 15960K, reserved 1048576K
}
Event: 49.774 GC heap before
{Heap before GC invocations=65 (full 0):
 garbage-first heap   total 249856K, used 236284K [0x0000000080000000, 0x0000000100000000)
  region size 1024K, 12 young (12288K), 2 survivors (2048K)
 Metaspace       used 118959K, capacity 121554K, committed 121640K, reserved 1155072K
  class space    used 14971K, capacity 15928K, committed 15960K, reserved 1048576K
}
Event: 49.782 GC heap after
{Heap after GC invocations=66 (full 0):
 garbage-first heap   total 249856K, used 231424K [0x0000000080000000, 0x0000000100000000)
  region size 1024K, 2 young (2048K), 2 survivors (2048K)
 Metaspace       used 118959K, capacity 121554K, committed 121640K, reserved 1155072K
  class space    used 14971K, capacity 15928K, committed 15960K, reserved 1048576K
}
Event: 49.807 GC heap before
{Heap before GC invocations=66 (full 0):
 garbage-first heap   total 249856K, used 241664K [0x0000000080000000, 0x0000000100000000)
  region size 1024K, 12 young (12288K), 2 survivors (2048K)
 Metaspace       used 118959K, capacity 121554K, committed 121640K, reserved 1155072K
  class space    used 14971K, capacity 15928K, committed 15960K, reserved 1048576K
}
Event: 49.814 GC heap after
{Heap after GC invocations=67 (full 0):
 garbage-first heap   total 249856K, used 237028K [0x0000000080000000, 0x0000000100000000)
  region size 1024K, 2 young (2048K), 2 survivors (2048K)
 Metaspace       used 118959K, capacity 121554K, committed 121640K, reserved 1155072K
  class space    used 14971K, capacity 15928K, committed 15960K, reserved 1048576K
}
Event: 49.843 GC heap before
{Heap before GC invocations=67 (full 0):
 garbage-first heap   total 249856K, used 247268K [0x0000000080000000, 0x0000000100000000)
  region size 1024K, 12 young (12288K), 2 survivors (2048K)
 Metaspace       used 118959K, capacity 121554K, committed 121640K, reserved 1155072K
  class space    used 14971K, capacity 15928K, committed 15960K, reserved 1048576K
}
Event: 49.851 GC heap after
{Heap after GC invocations=68 (full 0):
 garbage-first heap   total 254976K, used 242484K [0x0000000080000000, 0x0000000100000000)
  region size 1024K, 2 young (2048K), 2 survivors (2048K)
 Metaspace       used 118959K, capacity 121554K, committed 121640K, reserved 1155072K
  class space    used 14971K, capacity 15928K, committed 15960K, reserved 1048576K
}
Event: 49.894 GC heap before
{Heap before GC invocations=69 (full 0):
 garbage-first heap   total 254976K, used 251700K [0x0000000080000000, 0x0000000100000000)
  region size 1024K, 12 young (12288K), 2 survivors (2048K)
 Metaspace       used 118987K, capacity 121593K, committed 121768K, reserved 1155072K
  class space    used 14979K, capacity 15962K, committed 16088K, reserved 1048576K
}
Event: 49.907 GC heap after
{Heap after GC invocations=70 (full 0):
 garbage-first heap   total 438272K, used 248175K [0x0000000080000000, 0x0000000100000000)
  region size 1024K, 2 young (2048K), 2 survivors (2048K)
 Metaspace       used 118987K, capacity 121593K, committed 121768K, reserved 1155072K
  class space    used 14979K, capacity 15962K, committed 16088K, reserved 1048576K
}
Event: 50.112 GC heap before
{Heap before GC invocations=70 (full 0):
 garbage-first heap   total 438272K, used 266607K [0x0000000080000000, 0x0000000100000000)
  region size 1024K, 21 young (21504K), 2 survivors (2048K)
 Metaspace       used 120990K, capacity 123633K, committed 123816K, reserved 1157120K
  class space    used 15263K, capacity 16276K, committed 16344K, reserved 1048576K
}
Event: 50.119 GC heap after
{Heap after GC invocations=71 (full 0):
 garbage-first heap   total 438272K, used 249937K [0x0000000080000000, 0x0000000100000000)
  region size 1024K, 2 young (2048K), 2 survivors (2048K)
 Metaspace       used 120990K, capacity 123633K, committed 123816K, reserved 1157120K
  class space    used 15263K, capacity 16276K, committed 16344K, reserved 1048576K
}
Event: 50.537 GC heap before
{Heap before GC invocations=71 (full 0):
 garbage-first heap   total 438272K, used 308305K [0x0000000080000000, 0x0000000100000000)
  region size 1024K, 60 young (61440K), 2 survivors (2048K)
 Metaspace       used 122138K, capacity 125043K, committed 125352K, reserved 1159168K
  class space    used 15427K, capacity 16529K, committed 16600K, reserved 1048576K
}
Event: 50.546 GC heap after
{Heap after GC invocations=72 (full 0):
 garbage-first heap   total 438272K, used 255632K [0x0000000080000000, 0x0000000100000000)
  region size 1024K, 7 young (7168K), 7 survivors (7168K)
 Metaspace       used 122138K, capacity 125043K, committed 125352K, reserved 1159168K
  class space    used 15427K, capacity 16529K, committed 16600K, reserved 1048576K
}
Event: 50.709 GC heap before
{Heap before GC invocations=72 (full 0):
 garbage-first heap   total 438272K, used 282256K [0x0000000080000000, 0x0000000100000000)
  region size 1024K, 34 young (34816K), 7 survivors (7168K)
 Metaspace       used 122442K, capacity 125350K, committed 125608K, reserved 1159168K
  class space    used 15454K, capacity 16539K, committed 16600K, reserved 1048576K
}
Event: 50.719 GC heap after
{Heap after GC invocations=73 (full 0):
 garbage-first heap   total 438272K, used 257251K [0x0000000080000000, 0x0000000100000000)
  region size 1024K, 2 young (2048K), 2 survivors (2048K)
 Metaspace       used 122442K, capacity 125350K, committed 125608K, reserved 1159168K
  class space    used 15454K, capacity 16539K, committed 16600K, reserved 1048576K
}
Event: 51.257 GC heap before
{Heap before GC invocations=74 (full 0):
 garbage-first heap   total 438272K, used 309475K [0x0000000080000000, 0x0000000100000000)
  region size 1024K, 62 young (63488K), 2 survivors (2048K)
 Metaspace       used 122533K, capacity 125335K, committed 125608K, reserved 1159168K
  class space    used 15428K, capacity 16495K, committed 16600K, reserved 1048576K
}

